[0m22:13:43.942629 [debug] [MainThread]: Sending event: {'category': 'dbt', 'action': 'invocation', 'label': 'start', 'context': [<snowplow_tracker.self_describing_json.SelfDescribingJson object at 0x000001D103B54980>, <snowplow_tracker.self_describing_json.SelfDescribingJson object at 0x000001D1045D0050>, <snowplow_tracker.self_describing_json.SelfDescribingJson object at 0x000001D104C63D90>]}


============================== 22:13:43.949070 | 4a7955e4-b74b-43bb-8201-b461cd6f930a ==============================
[0m22:13:43.949070 [info ] [MainThread]: Running with dbt=1.11.5
[0m22:13:43.949902 [debug] [MainThread]: running dbt with arguments {'partial_parse': 'True', 'static_parser': 'True', 'send_anonymous_usage_stats': 'True', 'warn_error': 'None', 'cache_selected_only': 'False', 'target_path': 'None', 'version_check': 'True', 'invocation_command': 'dbt init taxi_rides_ny', 'log_format': 'default', 'use_colors': 'True', 'introspect': 'True', 'debug': 'False', 'log_cache_events': 'False', 'fail_fast': 'False', 'no_print': 'None', 'empty': 'None', 'use_experimental_parser': 'False', 'quiet': 'False', 'printer_width': '80', 'log_path': 'logs', 'indirect_selection': 'eager', 'profiles_dir': 'C:\\Users\\PC User\\.dbt', 'warn_error_options': 'WarnErrorOptionsV2(error=[], warn=[], silence=[])', 'write_json': 'True'}
[0m22:13:43.984093 [info ] [MainThread]: Creating dbt configuration folder at C:\Users\PC User\.dbt
[0m22:13:43.988831 [debug] [MainThread]: Starter project path: E:\coding\envs\python\Lib\site-packages\dbt\include\starter_project
[0m22:13:44.024448 [info ] [MainThread]: 
Your new dbt project "taxi_rides_ny" was created!

For more information on how to configure the profiles.yml file,
please consult the dbt documentation here:

  https://docs.getdbt.com/docs/configure-your-profile

One more thing:

Need help? Don't hesitate to reach out to us via GitHub issues or on Slack:

  https://community.getdbt.com/

Happy modeling!

[0m22:13:44.025198 [info ] [MainThread]: Setting up your profile.
[0m22:13:48.470038 [info ] [MainThread]: Profile taxi_rides_ny written to C:\Users\PC User\.dbt\profiles.yml using target's sample configuration. Once updated, you'll be able to start developing with dbt.
[0m22:13:48.471075 [debug] [MainThread]: Command `dbt init` succeeded at 22:13:48.470936 after 4.71 seconds
[0m22:13:48.471457 [debug] [MainThread]: Sending event: {'category': 'dbt', 'action': 'invocation', 'label': 'end', 'context': [<snowplow_tracker.self_describing_json.SelfDescribingJson object at 0x000001D104C8B820>, <snowplow_tracker.self_describing_json.SelfDescribingJson object at 0x000001D10459C5F0>, <snowplow_tracker.self_describing_json.SelfDescribingJson object at 0x000001D104D1E580>]}
[0m22:13:48.471855 [debug] [MainThread]: Flushing usage events
[0m22:13:49.318608 [debug] [MainThread]: An error was encountered while trying to flush usage events
